11:03:49 **** Build of configuration Default for project nuttx ****
make all 
LN: include/arch/board to /home/landzo/Nuttx/nuttx//configs/freedom-k64f/include
LN: include/arch/chip to arch/arm/include/kinetis
LN: arch/arm/src/chip to arch/arm/src/kinetis
make[1]: Entering directory '/home/landzo/Nuttx/nuttx/configs'
make[1]: Nothing to be done for 'dirlinks'.
make[1]: Leaving directory '/home/landzo/Nuttx/nuttx/configs'
make[1]: Entering directory '/home/landzo/Nuttx/apps'
make[2]: Entering directory '/home/landzo/Nuttx/apps/platform'
LN: platform/board to /home/landzo/Nuttx/apps/platform/dummy
make[2]: Leaving directory '/home/landzo/Nuttx/apps/platform'
make[1]: Leaving directory '/home/landzo/Nuttx/apps'
make[1]: Entering directory '/home/landzo/Nuttx/nuttx/configs'
make[2]: Entering directory '/home/landzo/Nuttx/nuttx/configs/freedom-k64f/src'
make[2]: Nothing to be done for 'context'.
make[2]: Leaving directory '/home/landzo/Nuttx/nuttx/configs/freedom-k64f/src'
make[1]: Leaving directory '/home/landzo/Nuttx/nuttx/configs'
make[1]: Entering directory '/home/landzo/Nuttx/apps'
make[2]: Entering directory '/home/landzo/Nuttx/apps/builtin'
make[3]: Entering directory '/home/landzo/Nuttx/apps/builtin/registry'
make[3]: Nothing to be done for 'context'.
make[3]: Leaving directory '/home/landzo/Nuttx/apps/builtin/registry'
make[2]: Leaving directory '/home/landzo/Nuttx/apps/builtin'
make[2]: Entering directory '/home/landzo/Nuttx/apps'
make[3]: Entering directory '/home/landzo/Nuttx/apps/examples/pwm'
make[3]: Nothing to be done for 'context'.
make[3]: Leaving directory '/home/landzo/Nuttx/apps/examples/pwm'
make[3]: Entering directory '/home/landzo/Nuttx/apps/examples/nsh'
make[3]: Nothing to be done for 'context'.
make[3]: Leaving directory '/home/landzo/Nuttx/apps/examples/nsh'
make[3]: Entering directory '/home/landzo/Nuttx/apps/builtin'
make[4]: Entering directory '/home/landzo/Nuttx/apps/builtin/registry'
make[4]: Nothing to be done for 'context'.
make[4]: Leaving directory '/home/landzo/Nuttx/apps/builtin/registry'
make[3]: Leaving directory '/home/landzo/Nuttx/apps/builtin'
make[3]: Entering directory '/home/landzo/Nuttx/apps/system/readline'
make[3]: Nothing to be done for 'context'.
make[3]: Leaving directory '/home/landzo/Nuttx/apps/system/readline'
make[3]: Entering directory '/home/landzo/Nuttx/apps/nshlib'
make[3]: Nothing to be done for 'context'.
make[3]: Leaving directory '/home/landzo/Nuttx/apps/nshlib'
make[3]: Entering directory '/home/landzo/Nuttx/apps/platform'
LN: platform/board to /home/landzo/Nuttx/apps/platform/dummy
make[3]: Leaving directory '/home/landzo/Nuttx/apps/platform'
make[2]: Leaving directory '/home/landzo/Nuttx/apps'
make[1]: Leaving directory '/home/landzo/Nuttx/apps'
make[1]: Entering directory '/home/landzo/Nuttx/nuttx/sched'
make[1]: Nothing to be done for 'depend'.
make[1]: Leaving directory '/home/landzo/Nuttx/nuttx/sched'
make[1]: Entering directory '/home/landzo/Nuttx/nuttx/drivers'
make[1]: Nothing to be done for 'depend'.
make[1]: Leaving directory '/home/landzo/Nuttx/nuttx/drivers'
make[1]: Entering directory '/home/landzo/Nuttx/nuttx/configs'
make[1]: Nothing to be done for 'depend'.
make[1]: Leaving directory '/home/landzo/Nuttx/nuttx/configs'
make[1]: Entering directory '/home/landzo/Nuttx/nuttx/arch/arm/src'
make[1]: Nothing to be done for 'depend'.
make[1]: Leaving directory '/home/landzo/Nuttx/nuttx/arch/arm/src'
make[1]: Entering directory '/home/landzo/Nuttx/apps'
make[2]: Entering directory '/home/landzo/Nuttx/apps/builtin'
make[3]: Entering directory '/home/landzo/Nuttx/apps/builtin/registry'
make[3]: Nothing to be done for 'context'.
make[3]: Leaving directory '/home/landzo/Nuttx/apps/builtin/registry'
make[2]: Leaving directory '/home/landzo/Nuttx/apps/builtin'
make[2]: Entering directory '/home/landzo/Nuttx/apps'
make[3]: Entering directory '/home/landzo/Nuttx/apps/examples/pwm'
make[3]: Nothing to be done for 'context'.
make[3]: Leaving directory '/home/landzo/Nuttx/apps/examples/pwm'
make[3]: Entering directory '/home/landzo/Nuttx/apps/examples/nsh'
make[3]: Nothing to be done for 'context'.
make[3]: Leaving directory '/home/landzo/Nuttx/apps/examples/nsh'
make[3]: Entering directory '/home/landzo/Nuttx/apps/builtin'
make[4]: Entering directory '/home/landzo/Nuttx/apps/builtin/registry'
make[4]: Nothing to be done for 'context'.
make[4]: Leaving directory '/home/landzo/Nuttx/apps/builtin/registry'
make[3]: Leaving directory '/home/landzo/Nuttx/apps/builtin'
make[3]: Entering directory '/home/landzo/Nuttx/apps/system/readline'
make[3]: Nothing to be done for 'context'.
make[3]: Leaving directory '/home/landzo/Nuttx/apps/system/readline'
make[3]: Entering directory '/home/landzo/Nuttx/apps/nshlib'
make[3]: Nothing to be done for 'context'.
make[3]: Leaving directory '/home/landzo/Nuttx/apps/nshlib'
make[3]: Entering directory '/home/landzo/Nuttx/apps/platform'
LN: platform/board to /home/landzo/Nuttx/apps/platform/dummy
make[3]: Leaving directory '/home/landzo/Nuttx/apps/platform'
make[2]: Leaving directory '/home/landzo/Nuttx/apps'
make[2]: Entering directory '/home/landzo/Nuttx/apps/examples/pwm'
make[2]: Nothing to be done for 'depend'.
make[2]: Leaving directory '/home/landzo/Nuttx/apps/examples/pwm'
make[2]: Entering directory '/home/landzo/Nuttx/apps/examples/nsh'
make[2]: Nothing to be done for 'depend'.
make[2]: Leaving directory '/home/landzo/Nuttx/apps/examples/nsh'
make[2]: Entering directory '/home/landzo/Nuttx/apps/builtin'
make[2]: Nothing to be done for 'depend'.
make[2]: Leaving directory '/home/landzo/Nuttx/apps/builtin'
make[2]: Entering directory '/home/landzo/Nuttx/apps/system/readline'
make[2]: Nothing to be done for 'depend'.
make[2]: Leaving directory '/home/landzo/Nuttx/apps/system/readline'
make[2]: Entering directory '/home/landzo/Nuttx/apps/nshlib'
make[2]: Leaving directory '/home/landzo/Nuttx/apps/nshlib'
make[2]: Entering directory '/home/landzo/Nuttx/apps/platform'
LN: platform/board to /home/landzo/Nuttx/apps/platform/dummy
make[2]: Leaving directory '/home/landzo/Nuttx/apps/platform'
make[1]: Leaving directory '/home/landzo/Nuttx/apps'
make[1]: Entering directory '/home/landzo/Nuttx/nuttx/libc'
make[1]: Nothing to be done for 'depend'.
make[1]: Leaving directory '/home/landzo/Nuttx/nuttx/libc'
make[1]: Entering directory '/home/landzo/Nuttx/nuttx/mm'
make[1]: Nothing to be done for 'depend'.
make[1]: Leaving directory '/home/landzo/Nuttx/nuttx/mm'
make[1]: Entering directory '/home/landzo/Nuttx/nuttx/fs'
make[1]: Nothing to be done for 'depend'.
make[1]: Leaving directory '/home/landzo/Nuttx/nuttx/fs'
make[1]: Entering directory '/home/landzo/Nuttx/nuttx/binfmt'
make[1]: Nothing to be done for 'depend'.
make[1]: Leaving directory '/home/landzo/Nuttx/nuttx/binfmt'
make[1]: Entering directory '/home/landzo/Nuttx/nuttx/sched'
make[1]: 'libsched.a' is up to date.
make[1]: Leaving directory '/home/landzo/Nuttx/nuttx/sched'
make[1]: Entering directory '/home/landzo/Nuttx/nuttx/drivers'
make[1]: 'libdrivers.a' is up to date.
make[1]: Leaving directory '/home/landzo/Nuttx/nuttx/drivers'
make[1]: Entering directory '/home/landzo/Nuttx/nuttx/configs'
make[1]: 'libconfigs.a' is up to date.
make[1]: Leaving directory '/home/landzo/Nuttx/nuttx/configs'
make[1]: Entering directory '/home/landzo/Nuttx/nuttx/libc'
make[1]: 'libc.a' is up to date.
make[1]: Leaving directory '/home/landzo/Nuttx/nuttx/libc'
make[1]: Entering directory '/home/landzo/Nuttx/nuttx/mm'
make[1]: 'libmm.a' is up to date.
make[1]: Leaving directory '/home/landzo/Nuttx/nuttx/mm'
make[1]: Entering directory '/home/landzo/Nuttx/nuttx/arch/arm/src'
make[1]: 'libarch.a' is up to date.
make[1]: Leaving directory '/home/landzo/Nuttx/nuttx/arch/arm/src'
make[1]: Entering directory '/home/landzo/Nuttx/apps'
make[2]: Entering directory '/home/landzo/Nuttx/apps/examples/pwm'
make[2]: Nothing to be done for 'all'.
make[2]: Leaving directory '/home/landzo/Nuttx/apps/examples/pwm'
make[2]: Entering directory '/home/landzo/Nuttx/apps/examples/nsh'
make[2]: Nothing to be done for 'all'.
make[2]: Leaving directory '/home/landzo/Nuttx/apps/examples/nsh'
make[2]: Entering directory '/home/landzo/Nuttx/apps/builtin'
make[2]: Nothing to be done for 'all'.
make[2]: Leaving directory '/home/landzo/Nuttx/apps/builtin'
make[2]: Entering directory '/home/landzo/Nuttx/apps/system/readline'
make[2]: Nothing to be done for 'all'.
make[2]: Leaving directory '/home/landzo/Nuttx/apps/system/readline'
make[2]: Entering directory '/home/landzo/Nuttx/apps/nshlib'
make[2]: Nothing to be done for 'all'.
make[2]: Leaving directory '/home/landzo/Nuttx/apps/nshlib'
make[2]: Entering directory '/home/landzo/Nuttx/apps/platform'
make[2]: Nothing to be done for 'all'.
make[2]: Leaving directory '/home/landzo/Nuttx/apps/platform'
make[1]: Leaving directory '/home/landzo/Nuttx/apps'
make[1]: Entering directory '/home/landzo/Nuttx/nuttx/fs'
make[1]: 'libfs.a' is up to date.
make[1]: Leaving directory '/home/landzo/Nuttx/nuttx/fs'
make[1]: Entering directory '/home/landzo/Nuttx/nuttx/binfmt'
make[1]: 'libbinfmt.a' is up to date.
make[1]: Leaving directory '/home/landzo/Nuttx/nuttx/binfmt'
make[1]: Entering directory '/home/landzo/Nuttx/nuttx/arch/arm/src'
make[2]: Entering directory '/home/landzo/Nuttx/nuttx/configs/freedom-k64f/src'
make[2]: 'libboard.a' is up to date.
make[2]: Leaving directory '/home/landzo/Nuttx/nuttx/configs/freedom-k64f/src'
LD: nuttx
make[1]: Leaving directory '/home/landzo/Nuttx/nuttx/arch/arm/src'
CP: nuttx.hex
CP: nuttx.srec
19:34:48 **** Build of configuration Default for project apps ****
make all 
/home/landzo/Nuttx/apps/import/Make.defs:36: /home/landzo/Nuttx/apps/import/.config: No such file or directory
/home/landzo/Nuttx/apps/import/Make.defs:37: /home/landzo/Nuttx/apps/import/build/Make.defs: No such file or directory
make: *** No rule to make target '/home/landzo/Nuttx/apps/import/build/Make.defs'.  Stop.
19:34:49 **** Incremental Build of configuration Default for project nuttx ****
make all 
LN: include/arch/board to /home/landzo/Nuttx/nuttx//configs/freedom-k64f/include
LN: include/arch/chip to arch/arm/include/kinetis
LN: arch/arm/src/chip to arch/arm/src/kinetis
make[1]: Entering directory '/home/landzo/Nuttx/nuttx/configs'
make[1]: Nothing to be done for 'dirlinks'.
make[1]: Leaving directory '/home/landzo/Nuttx/nuttx/configs'
make[1]: Entering directory '/home/landzo/Nuttx/apps'
make[2]: Entering directory '/home/landzo/Nuttx/apps/platform'
LN: platform/board to /home/landzo/Nuttx/apps/platform/dummy
make[2]: Leaving directory '/home/landzo/Nuttx/apps/platform'
make[1]: Leaving directory '/home/landzo/Nuttx/apps'
make[1]: Entering directory '/home/landzo/Nuttx/nuttx/configs'
make[2]: Entering directory '/home/landzo/Nuttx/nuttx/configs/freedom-k64f/src'
make[2]: Nothing to be done for 'context'.
make[2]: Leaving directory '/home/landzo/Nuttx/nuttx/configs/freedom-k64f/src'
make[1]: Leaving directory '/home/landzo/Nuttx/nuttx/configs'
make[1]: Entering directory '/home/landzo/Nuttx/apps'
make[2]: Entering directory '/home/landzo/Nuttx/apps/builtin'
make[3]: Entering directory '/home/landzo/Nuttx/apps/builtin/registry'
make[3]: Nothing to be done for 'context'.
make[3]: Leaving directory '/home/landzo/Nuttx/apps/builtin/registry'
make[2]: Leaving directory '/home/landzo/Nuttx/apps/builtin'
make[2]: Entering directory '/home/landzo/Nuttx/apps'
make[3]: Entering directory '/home/landzo/Nuttx/apps/examples/helloworld'
make[3]: Nothing to be done for 'context'.
make[3]: Leaving directory '/home/landzo/Nuttx/apps/examples/helloworld'
make[3]: Entering directory '/home/landzo/Nuttx/apps/examples/nsh'
make[3]: Nothing to be done for 'context'.
make[3]: Leaving directory '/home/landzo/Nuttx/apps/examples/nsh'
make[3]: Entering directory '/home/landzo/Nuttx/apps/examples/rgbled'
make[3]: Nothing to be done for 'context'.
make[3]: Leaving directory '/home/landzo/Nuttx/apps/examples/rgbled'
make[3]: Entering directory '/home/landzo/Nuttx/apps/builtin'
make[4]: Entering directory '/home/landzo/Nuttx/apps/builtin/registry'
make[4]: Nothing to be done for 'context'.
make[4]: Leaving directory '/home/landzo/Nuttx/apps/builtin/registry'
make[3]: Leaving directory '/home/landzo/Nuttx/apps/builtin'
make[3]: Entering directory '/home/landzo/Nuttx/apps/system/readline'
make[3]: Nothing to be done for 'context'.
make[3]: Leaving directory '/home/landzo/Nuttx/apps/system/readline'
make[3]: Entering directory '/home/landzo/Nuttx/apps/nshlib'
make[3]: Nothing to be done for 'context'.
make[3]: Leaving directory '/home/landzo/Nuttx/apps/nshlib'
make[3]: Entering directory '/home/landzo/Nuttx/apps/platform'
LN: platform/board to /home/landzo/Nuttx/apps/platform/dummy
make[3]: Leaving directory '/home/landzo/Nuttx/apps/platform'
make[2]: Leaving directory '/home/landzo/Nuttx/apps'
make[1]: Leaving directory '/home/landzo/Nuttx/apps'
make[1]: Entering directory '/home/landzo/Nuttx/nuttx/sched'
make[1]: Nothing to be done for 'depend'.
make[1]: Leaving directory '/home/landzo/Nuttx/nuttx/sched'
make[1]: Entering directory '/home/landzo/Nuttx/nuttx/drivers'
make[1]: Nothing to be done for 'depend'.
make[1]: Leaving directory '/home/landzo/Nuttx/nuttx/drivers'
make[1]: Entering directory '/home/landzo/Nuttx/nuttx/configs'
make[1]: Nothing to be done for 'depend'.
make[1]: Leaving directory '/home/landzo/Nuttx/nuttx/configs'
make[1]: Entering directory '/home/landzo/Nuttx/nuttx/arch/arm/src'
make[1]: Nothing to be done for 'depend'.
make[1]: Leaving directory '/home/landzo/Nuttx/nuttx/arch/arm/src'
make[1]: Entering directory '/home/landzo/Nuttx/apps'
make[2]: Entering directory '/home/landzo/Nuttx/apps/builtin'
make[3]: Entering directory '/home/landzo/Nuttx/apps/builtin/registry'
make[3]: Nothing to be done for 'context'.
make[3]: Leaving directory '/home/landzo/Nuttx/apps/builtin/registry'
make[2]: Leaving directory '/home/landzo/Nuttx/apps/builtin'
make[2]: Entering directory '/home/landzo/Nuttx/apps'
make[3]: Entering directory '/home/landzo/Nuttx/apps/examples/helloworld'
make[3]: Nothing to be done for 'context'.
make[3]: Leaving directory '/home/landzo/Nuttx/apps/examples/helloworld'
make[3]: Entering directory '/home/landzo/Nuttx/apps/examples/nsh'
make[3]: Nothing to be done for 'context'.
make[3]: Leaving directory '/home/landzo/Nuttx/apps/examples/nsh'
make[3]: Entering directory '/home/landzo/Nuttx/apps/examples/rgbled'
make[3]: Nothing to be done for 'context'.
make[3]: Leaving directory '/home/landzo/Nuttx/apps/examples/rgbled'
make[3]: Entering directory '/home/landzo/Nuttx/apps/builtin'
make[4]: Entering directory '/home/landzo/Nuttx/apps/builtin/registry'
make[4]: Nothing to be done for 'context'.
make[4]: Leaving directory '/home/landzo/Nuttx/apps/builtin/registry'
make[3]: Leaving directory '/home/landzo/Nuttx/apps/builtin'
make[3]: Entering directory '/home/landzo/Nuttx/apps/system/readline'
make[3]: Nothing to be done for 'context'.
make[3]: Leaving directory '/home/landzo/Nuttx/apps/system/readline'
make[3]: Entering directory '/home/landzo/Nuttx/apps/nshlib'
make[3]: Nothing to be done for 'context'.
make[3]: Leaving directory '/home/landzo/Nuttx/apps/nshlib'
make[3]: Entering directory '/home/landzo/Nuttx/apps/platform'
LN: platform/board to /home/landzo/Nuttx/apps/platform/dummy
make[3]: Leaving directory '/home/landzo/Nuttx/apps/platform'
make[2]: Leaving directory '/home/landzo/Nuttx/apps'
make[2]: Entering directory '/home/landzo/Nuttx/apps/examples/helloworld'
make[2]: Nothing to be done for 'depend'.
make[2]: Leaving directory '/home/landzo/Nuttx/apps/examples/helloworld'
make[2]: Entering directory '/home/landzo/Nuttx/apps/examples/nsh'
make[2]: Nothing to be done for 'depend'.
make[2]: Leaving directory '/home/landzo/Nuttx/apps/examples/nsh'
make[2]: Entering directory '/home/landzo/Nuttx/apps/examples/rgbled'
make[2]: Nothing to be done for 'depend'.
make[2]: Leaving directory '/home/landzo/Nuttx/apps/examples/rgbled'
make[2]: Entering directory '/home/landzo/Nuttx/apps/builtin'
make[2]: Nothing to be done for 'depend'.
make[2]: Leaving directory '/home/landzo/Nuttx/apps/builtin'
make[2]: Entering directory '/home/landzo/Nuttx/apps/system/readline'
make[2]: Nothing to be done for 'depend'.
make[2]: Leaving directory '/home/landzo/Nuttx/apps/system/readline'
make[2]: Entering directory '/home/landzo/Nuttx/apps/nshlib'
make[2]: Leaving directory '/home/landzo/Nuttx/apps/nshlib'
make[2]: Entering directory '/home/landzo/Nuttx/apps/platform'
LN: platform/board to /home/landzo/Nuttx/apps/platform/dummy
make[2]: Leaving directory '/home/landzo/Nuttx/apps/platform'
make[1]: Leaving directory '/home/landzo/Nuttx/apps'
make[1]: Entering directory '/home/landzo/Nuttx/nuttx/libc'
make[1]: Nothing to be done for 'depend'.
make[1]: Leaving directory '/home/landzo/Nuttx/nuttx/libc'
make[1]: Entering directory '/home/landzo/Nuttx/nuttx/mm'
make[1]: Nothing to be done for 'depend'.
make[1]: Leaving directory '/home/landzo/Nuttx/nuttx/mm'
make[1]: Entering directory '/home/landzo/Nuttx/nuttx/fs'
make[1]: Nothing to be done for 'depend'.
make[1]: Leaving directory '/home/landzo/Nuttx/nuttx/fs'
make[1]: Entering directory '/home/landzo/Nuttx/nuttx/binfmt'
make[1]: Nothing to be done for 'depend'.
make[1]: Leaving directory '/home/landzo/Nuttx/nuttx/binfmt'
make[1]: Entering directory '/home/landzo/Nuttx/nuttx/sched'
make[1]: 'libsched.a' is up to date.
make[1]: Leaving directory '/home/landzo/Nuttx/nuttx/sched'
make[1]: Entering directory '/home/landzo/Nuttx/nuttx/drivers'
make[1]: 'libdrivers.a' is up to date.
make[1]: Leaving directory '/home/landzo/Nuttx/nuttx/drivers'
make[1]: Entering directory '/home/landzo/Nuttx/nuttx/configs'
make[1]: 'libconfigs.a' is up to date.
make[1]: Leaving directory '/home/landzo/Nuttx/nuttx/configs'
make[1]: Entering directory '/home/landzo/Nuttx/nuttx/libc'
make[1]: 'libc.a' is up to date.
make[1]: Leaving directory '/home/landzo/Nuttx/nuttx/libc'
make[1]: Entering directory '/home/landzo/Nuttx/nuttx/mm'
make[1]: 'libmm.a' is up to date.
make[1]: Leaving directory '/home/landzo/Nuttx/nuttx/mm'
make[1]: Entering directory '/home/landzo/Nuttx/nuttx/arch/arm/src'
make[1]: 'libarch.a' is up to date.
make[1]: Leaving directory '/home/landzo/Nuttx/nuttx/arch/arm/src'
make[1]: Entering directory '/home/landzo/Nuttx/apps'
make[2]: Entering directory '/home/landzo/Nuttx/apps/examples/helloworld'
make[2]: Nothing to be done for 'all'.
make[2]: Leaving directory '/home/landzo/Nuttx/apps/examples/helloworld'
make[2]: Entering directory '/home/landzo/Nuttx/apps/examples/nsh'
make[2]: Nothing to be done for 'all'.
make[2]: Leaving directory '/home/landzo/Nuttx/apps/examples/nsh'
make[2]: Entering directory '/home/landzo/Nuttx/apps/examples/rgbled'
make[2]: Nothing to be done for 'all'.
make[2]: Leaving directory '/home/landzo/Nuttx/apps/examples/rgbled'
make[2]: Entering directory '/home/landzo/Nuttx/apps/builtin'
make[2]: Nothing to be done for 'all'.
make[2]: Leaving directory '/home/landzo/Nuttx/apps/builtin'
make[2]: Entering directory '/home/landzo/Nuttx/apps/system/readline'
make[2]: Nothing to be done for 'all'.
make[2]: Leaving directory '/home/landzo/Nuttx/apps/system/readline'
make[2]: Entering directory '/home/landzo/Nuttx/apps/nshlib'
make[2]: Nothing to be done for 'all'.
make[2]: Leaving directory '/home/landzo/Nuttx/apps/nshlib'
make[2]: Entering directory '/home/landzo/Nuttx/apps/platform'
make[2]: Nothing to be done for 'all'.
make[2]: Leaving directory '/home/landzo/Nuttx/apps/platform'
make[1]: Leaving directory '/home/landzo/Nuttx/apps'
make[1]: Entering directory '/home/landzo/Nuttx/nuttx/fs'
make[1]: 'libfs.a' is up to date.
make[1]: Leaving directory '/home/landzo/Nuttx/nuttx/fs'
make[1]: Entering directory '/home/landzo/Nuttx/nuttx/binfmt'
make[1]: 'libbinfmt.a' is up to date.
make[1]: Leaving directory '/home/landzo/Nuttx/nuttx/binfmt'
make[1]: Entering directory '/home/landzo/Nuttx/nuttx/arch/arm/src'
make[2]: Entering directory '/home/landzo/Nuttx/nuttx/configs/freedom-k64f/src'
make[2]: 'libboard.a' is up to date.
make[2]: Leaving directory '/home/landzo/Nuttx/nuttx/configs/freedom-k64f/src'
LD: nuttx
make[1]: Leaving directory '/home/landzo/Nuttx/nuttx/arch/arm/src'
CP: nuttx.hex
CP: nuttx.srec
CP: nuttx.bin
